<?xml version="1.0" encoding="UTF-8"?>
<testng-results skipped="0" failed="0" total="1" passed="1">
  <reporter-output>
  </reporter-output>
  <suite name="Suite" duration-ms="95" started-at="2016-10-15T11:20:34Z" finished-at="2016-10-15T11:20:34Z">
    <groups>
    </groups>
    <test name="Test" duration-ms="95" started-at="2016-10-15T11:20:34Z" finished-at="2016-10-15T11:20:34Z">
      <class name="com.test.TestDemo">
        <test-method status="PASS" signature="beforeTest()[pri:0, instance:com.test.TestDemo@715387c8]" name="beforeTest" is-config="true" duration-ms="9" started-at="2016-10-15T16:50:34Z" finished-at="2016-10-15T16:50:34Z">
          <reporter-output>
          </reporter-output>
        </test-method> <!-- beforeTest -->
        <test-method status="PASS" signature="testEasy()[pri:0, instance:com.test.TestDemo@715387c8]" name="testEasy" duration-ms="15" started-at="2016-10-15T16:50:34Z" finished-at="2016-10-15T16:50:34Z">
          <reporter-output>
          </reporter-output>
        </test-method> <!-- testEasy -->
        <test-method status="PASS" signature="afterTest()[pri:0, instance:com.test.TestDemo@715387c8]" name="afterTest" is-config="true" duration-ms="1" started-at="2016-10-15T16:50:34Z" finished-at="2016-10-15T16:50:34Z">
          <reporter-output>
          </reporter-output>
        </test-method> <!-- afterTest -->
      </class> <!-- com.test.TestDemo -->
    </test> <!-- Test -->
  </suite> <!-- Suite -->
</testng-results>
