<?xml version="1.0" encoding="UTF-8"?>
<!-- Generated by org.testng.reporters.JUnitXMLReporter -->
<testsuite hostname="FT-DESKTOP-019" ignored="0" name="Default test" tests="3" failures="0" timestamp="09 Jan 2018 13:28:53 GMT" time="42.926" errors="0">
  <testcase name="testNavigateToRulesPage" time="2.546" classname="com.yantra.auto.yrms.scripts.RulesPage_Script"/>
  <testcase name="testNavigateToAddRulePage" time="2.677" classname="com.yantra.auto.yrms.scripts.RulesPage_Script"/>
  <testcase name="testMasterHolderNameRule" time="8.852" classname="com.yantra.auto.yrms.scripts.RulesPage_Script"/>
</testsuite> <!-- Default test -->
