<?xml version="1.0" encoding="UTF-8"?>
<testng-results skipped="0" failed="0" ignored="0" total="1" passed="1">
  <reporter-output>
  </reporter-output>
  <suite name="Default suite" duration-ms="68" started-at="2017-03-14T11:23:48Z" finished-at="2017-03-14T11:23:48Z">
    <groups>
    </groups>
    <test name="Default test" duration-ms="68" started-at="2017-03-14T11:23:48Z" finished-at="2017-03-14T11:23:48Z">
      <class name="com.yantra.auto.yrms.scripts.HomePage_Script">
        <test-method status="PASS" signature="setup()[pri:0, instance:com.yantra.auto.yrms.scripts.HomePage_Script@475530b9]" name="setup" is-config="true" duration-ms="44" started-at="2017-03-14T16:53:48Z" finished-at="2017-03-14T16:53:48Z">
          <reporter-output>
          </reporter-output>
        </test-method> <!-- setup -->
        <test-method status="PASS" signature="test()[pri:0, instance:com.yantra.auto.yrms.scripts.HomePage_Script@475530b9]" name="test" duration-ms="6" started-at="2017-03-14T16:53:48Z" finished-at="2017-03-14T16:53:48Z">
          <reporter-output>
          </reporter-output>
        </test-method> <!-- test -->
        <test-method status="PASS" signature="tearDown()[pri:0, instance:com.yantra.auto.yrms.scripts.HomePage_Script@475530b9]" name="tearDown" is-config="true" duration-ms="0" started-at="2017-03-14T16:53:48Z" finished-at="2017-03-14T16:53:48Z">
          <reporter-output>
          </reporter-output>
        </test-method> <!-- tearDown -->
      </class> <!-- com.yantra.auto.yrms.scripts.HomePage_Script -->
    </test> <!-- Default test -->
  </suite> <!-- Default suite -->
</testng-results>
