<?xml version="1.0" encoding="UTF-8"?>
<!-- Generated by org.testng.reporters.JUnitXMLReporter -->
<testsuite hostname="FT-DESKTOP-019" ignored="0" name="Default test" tests="3" failures="0" timestamp="11 Dec 2017 11:05:22 GMT" time="17.037" errors="0">
  <testcase name="testLoadUrl" time="0.251" classname="com.yantra.auto.yrms.scripts.HomePage_Script"/>
  <testcase name="login" time="1.287" classname="com.yantra.auto.yrms.scripts.HomePage_Script"/>
  <testcase name="totalTransactionData" time="2.607" classname="com.yantra.auto.yrms.scripts.HomePage_Script"/>
</testsuite> <!-- Default test -->
