<?xml version="1.0" encoding="UTF-8"?>
<!-- Generated by org.testng.reporters.JUnitXMLReporter -->
<testsuite hostname="FT-DESKTOP-019" ignored="0" name="RMS" tests="5" failures="0" timestamp="18 Dec 2017 14:34:15 GMT" time="36.442" errors="0">
  <testcase name="testLoadUrl" time="0.255" classname="com.yantra.auto.yrms.scripts.HomePage_Script"/>
  <testcase name="navigateToTransactionDocument" time="5.37" classname="com.yantra.auto.yrms.scripts.TransactionDocument_Script"/>
  <testcase name="navigateToUsersPage" time="7.049" classname="com.yantra.auto.yrms.scripts.Users_Script"/>
  <testcase name="login" time="1.656" classname="com.yantra.auto.yrms.scripts.HomePage_Script"/>
  <testcase name="totalTransactionData" time="2.33" classname="com.yantra.auto.yrms.scripts.HomePage_Script"/>
</testsuite> <!-- RMS -->
