<?xml version="1.0" encoding="UTF-8"?>
<!-- Generated by org.testng.reporters.JUnitXMLReporter -->
<testsuite hostname="FT-DESKTOP-019" ignored="0" name="Test" tests="5" failures="0" timestamp="11 Dec 2017 09:26:54 GMT" time="35.979" errors="0">
  <testcase name="testLoadUrl" time="0.266" classname="com.yantra.auto.yrms.scripts.HomePage_Script"/>
  <testcase name="navigateToTransactionDocument" time="8.153" classname="com.yantra.auto.yrms.scripts.TransactionDocument_Script"/>
  <testcase name="navigateToUsersPage" time="12.025" classname="com.yantra.auto.yrms.scripts.Users_Script"/>
  <testcase name="login" time="1.358" classname="com.yantra.auto.yrms.scripts.HomePage_Script"/>
  <testcase name="totalTransactionData" time="1.036" classname="com.yantra.auto.yrms.scripts.HomePage_Script"/>
</testsuite> <!-- Test -->
