<?xml version="1.0" encoding="UTF-8"?>
<!-- Generated by org.testng.reporters.JUnitXMLReporter -->
<testsuite hostname="FT-DESKTOP-019" name="Test" tests="3" failures="0" timestamp="11 Oct 2016 05:19:01 GMT" time="82.783" errors="0">
  <testcase name="logintestcase" time="4.391" classname="com.testcase.loginTest"/>
  <testcase name="signin" time="24.119" classname="com.testcase.loginTest"/>
  <testcase name="editProfile" time="32.387" classname="com.testcase.loginTest"/>
</testsuite> <!-- Test -->
