<?xml version="1.0" encoding="UTF-8"?>
<testng-results skipped="0" failed="1" ignored="0" total="1" passed="0">
  <reporter-output>
  </reporter-output>
  <suite name="Default suite" duration-ms="980" started-at="2017-09-01T07:27:35Z" finished-at="2017-09-01T07:27:36Z">
    <groups>
    </groups>
    <test name="Default test" duration-ms="980" started-at="2017-09-01T07:27:35Z" finished-at="2017-09-01T07:27:36Z">
      <class name="com.yantra.auto.yrms.scripts.HtmlUnitTest">
        <test-method status="FAIL" signature="test()[pri:0, instance:com.yantra.auto.yrms.scripts.HtmlUnitTest@d8355a8]" name="test" duration-ms="927" started-at="2017-09-01T12:57:35Z" finished-at="2017-09-01T12:57:36Z">
          <exception class="java.lang.IllegalArgumentException">
            <message>
              <![CDATA[Cannot locate declared field class org.apache.http.impl.client.HttpClientBuilder.sslContext]]>
            </message>
            <full-stacktrace>
              <![CDATA[java.lang.IllegalArgumentException: Cannot locate declared field class org.apache.http.impl.client.HttpClientBuilder.sslContext
	at org.apache.commons.lang3.Validate.isTrue(Validate.java:158)
	at org.apache.commons.lang3.reflect.FieldUtils.readDeclaredField(FieldUtils.java:511)
	at com.gargoylesoftware.htmlunit.HttpWebConnection.getField(HttpWebConnection.java:1092)
	at com.gargoylesoftware.htmlunit.HttpWebConnection.createConnectionManager(HttpWebConnection.java:1014)
	at com.gargoylesoftware.htmlunit.HttpWebConnection.getResponse(HttpWebConnection.java:176)
	at com.gargoylesoftware.htmlunit.WebClient.loadWebResponseFromWebConnection(WebClient.java:1379)
	at com.gargoylesoftware.htmlunit.WebClient.loadWebResponse(WebClient.java:1298)
	at com.gargoylesoftware.htmlunit.WebClient.getPage(WebClient.java:392)
	at com.gargoylesoftware.htmlunit.WebClient.getPage(WebClient.java:313)
	at com.gargoylesoftware.htmlunit.WebClient.getPage(WebClient.java:461)
	at com.gargoylesoftware.htmlunit.WebClient.getPage(WebClient.java:446)
	at com.yantra.auto.yrms.scripts.HtmlUnitTest.test(HtmlUnitTest.java:34)
	at sun.reflect.NativeMethodAccessorImpl.invoke0(Native Method)
	at sun.reflect.NativeMethodAccessorImpl.invoke(NativeMethodAccessorImpl.java:62)
	at sun.reflect.DelegatingMethodAccessorImpl.invoke(DelegatingMethodAccessorImpl.java:43)
	at java.lang.reflect.Method.invoke(Method.java:498)
	at org.testng.internal.MethodInvocationHelper.invokeMethod(MethodInvocationHelper.java:104)
	at org.testng.internal.Invoker.invokeMethod(Invoker.java:645)
	at org.testng.internal.Invoker.invokeTestMethod(Invoker.java:851)
	at org.testng.internal.Invoker.invokeTestMethods(Invoker.java:1177)
	at org.testng.internal.TestMethodWorker.invokeTestMethods(TestMethodWorker.java:129)
	at org.testng.internal.TestMethodWorker.run(TestMethodWorker.java:112)
	at org.testng.TestRunner.privateRun(TestRunner.java:756)
	at org.testng.TestRunner.run(TestRunner.java:610)
	at org.testng.SuiteRunner.runTest(SuiteRunner.java:387)
	at org.testng.SuiteRunner.runSequentially(SuiteRunner.java:382)
	at org.testng.SuiteRunner.privateRun(SuiteRunner.java:340)
	at org.testng.SuiteRunner.run(SuiteRunner.java:289)
	at org.testng.SuiteRunnerWorker.runSuite(SuiteRunnerWorker.java:52)
	at org.testng.SuiteRunnerWorker.run(SuiteRunnerWorker.java:86)
	at org.testng.TestNG.runSuitesSequentially(TestNG.java:1293)
	at org.testng.TestNG.runSuitesLocally(TestNG.java:1218)
	at org.testng.TestNG.runSuites(TestNG.java:1133)
	at org.testng.TestNG.run(TestNG.java:1104)
	at org.testng.remote.AbstractRemoteTestNG.run(AbstractRemoteTestNG.java:132)
	at org.testng.remote.RemoteTestNG.initAndRun(RemoteTestNG.java:236)
	at org.testng.remote.RemoteTestNG.main(RemoteTestNG.java:81)
]]>
            </full-stacktrace>
          </exception> <!-- java.lang.IllegalArgumentException -->
          <reporter-output>
          </reporter-output>
        </test-method> <!-- test -->
      </class> <!-- com.yantra.auto.yrms.scripts.HtmlUnitTest -->
    </test> <!-- Default test -->
  </suite> <!-- Default suite -->
</testng-results>
