<?xml version="1.0" encoding="UTF-8"?>
<testng-results skipped="0" failed="1" total="4" passed="3">
  <reporter-output>
  </reporter-output>
  <suite name="Suite" duration-ms="16861" started-at="2018-05-24T11:49:12Z" finished-at="2018-05-24T11:49:29Z">
    <groups>
    </groups>
    <test name="Test" duration-ms="16861" started-at="2018-05-24T11:49:12Z" finished-at="2018-05-24T11:49:29Z">
      <class name="com.yantra.test.selenium.BaseTest">
        <test-method status="PASS" signature="setup()[pri:0, instance:com.yantra.test.selenium.BaseTest@68be2bc2]" name="setup" is-config="true" duration-ms="1284" started-at="2018-05-24T17:19:10Z" finished-at="2018-05-24T17:19:12Z">
          <reporter-output>
          </reporter-output>
        </test-method> <!-- setup -->
        <test-method status="PASS" signature="testLoadPage()[pri:0, instance:com.yantra.test.selenium.BaseTest@68be2bc2]" name="testLoadPage" duration-ms="745" started-at="2018-05-24T17:19:27Z" finished-at="2018-05-24T17:19:28Z">
          <reporter-output>
          </reporter-output>
        </test-method> <!-- testLoadPage -->
        <test-method status="PASS" signature="testLogin()[pri:0, instance:com.yantra.test.selenium.BaseTest@68be2bc2]" name="testLogin" duration-ms="504" started-at="2018-05-24T17:19:28Z" finished-at="2018-05-24T17:19:28Z">
          <reporter-output>
          </reporter-output>
        </test-method> <!-- testLogin -->
        <test-method status="PASS" signature="testNavigateToInstitutionPage()[pri:0, instance:com.yantra.test.selenium.BaseTest@68be2bc2]" name="testNavigateToInstitutionPage" duration-ms="505" started-at="2018-05-24T17:19:28Z" finished-at="2018-05-24T17:19:29Z">
          <reporter-output>
          </reporter-output>
        </test-method> <!-- testNavigateToInstitutionPage -->
        <test-method status="PASS" signature="tearDown()[pri:0, instance:com.yantra.test.selenium.BaseTest@68be2bc2]" name="tearDown" is-config="true" duration-ms="75" started-at="2018-05-24T17:19:29Z" finished-at="2018-05-24T17:19:29Z">
          <reporter-output>
          </reporter-output>
        </test-method> <!-- tearDown -->
      </class> <!-- com.yantra.test.selenium.BaseTest -->
      <class name="com.yantra.test.selenium.AddDataTest">
        <test-method status="FAIL" signature="testAddInstitution()[pri:0, instance:com.yantra.test.selenium.AddDataTest@18be83e4]" name="testAddInstitution" duration-ms="15083" started-at="2018-05-24T17:19:12Z" finished-at="2018-05-24T17:19:27Z">
          <exception class="org.openqa.selenium.NoSuchElementException">
            <message>
              <![CDATA[no such element: Unable to locate element: {"method":"xpath","selector":"/html/body/app-root/html/body/div[2]/div/div/app-institution-list/div[2]/div[1]/a"}
  (Session info: chrome=66.0.3359.139)
  (Driver info: chromedriver=2.35.528139 (47ead77cb35ad2a9a83248b292151462a66cd881),platform=Linux 4.13.0-43-generic x86_64) (WARNING: The server did not provide any stacktrace information)
Command duration or timeout: 0 milliseconds
For documentation on this error, please visit: http://seleniumhq.org/exceptions/no_such_element.html
Build info: version: '3.8.1', revision: '6e95a6684b', time: '2017-12-01T18:33:54.468Z'
System info: host: 'FT-DESKTOP-019', ip: '127.0.1.1', os.name: 'Linux', os.arch: 'amd64', os.version: '4.13.0-43-generic', java.version: '1.8.0_151'
Driver info: org.openqa.selenium.chrome.ChromeDriver
Capabilities {acceptInsecureCerts: false, acceptSslCerts: false, applicationCacheEnabled: false, browserConnectionEnabled: false, browserName: chrome, chrome: {chromedriverVersion: 2.35.528139 (47ead77cb35ad2..., userDataDir: /tmp/.org.chromium.Chromium...}, cssSelectorsEnabled: true, databaseEnabled: false, handlesAlerts: true, hasTouchScreen: false, javascriptEnabled: true, locationContextEnabled: true, mobileEmulationEnabled: false, nativeEvents: true, networkConnectionEnabled: false, pageLoadStrategy: normal, platform: LINUX, platformName: LINUX, rotatable: false, setWindowRect: true, takesHeapSnapshot: true, takesScreenshot: true, unexpectedAlertBehaviour: , unhandledPromptBehavior: , version: 66.0.3359.139, webStorageEnabled: true}
Session ID: 9b3516de2d0424cac7ca40a2ab86e98d
*** Element info: {Using=xpath, value=/html/body/app-root/html/body/div[2]/div/div/app-institution-list/div[2]/div[1]/a}]]>
            </message>
            <full-stacktrace>
              <![CDATA[org.openqa.selenium.NoSuchElementException: no such element: Unable to locate element: {"method":"xpath","selector":"/html/body/app-root/html/body/div[2]/div/div/app-institution-list/div[2]/div[1]/a"}
  (Session info: chrome=66.0.3359.139)
  (Driver info: chromedriver=2.35.528139 (47ead77cb35ad2a9a83248b292151462a66cd881),platform=Linux 4.13.0-43-generic x86_64) (WARNING: The server did not provide any stacktrace information)
Command duration or timeout: 0 milliseconds
For documentation on this error, please visit: http://seleniumhq.org/exceptions/no_such_element.html
Build info: version: '3.8.1', revision: '6e95a6684b', time: '2017-12-01T18:33:54.468Z'
System info: host: 'FT-DESKTOP-019', ip: '127.0.1.1', os.name: 'Linux', os.arch: 'amd64', os.version: '4.13.0-43-generic', java.version: '1.8.0_151'
Driver info: org.openqa.selenium.chrome.ChromeDriver
Capabilities {acceptInsecureCerts: false, acceptSslCerts: false, applicationCacheEnabled: false, browserConnectionEnabled: false, browserName: chrome, chrome: {chromedriverVersion: 2.35.528139 (47ead77cb35ad2..., userDataDir: /tmp/.org.chromium.Chromium...}, cssSelectorsEnabled: true, databaseEnabled: false, handlesAlerts: true, hasTouchScreen: false, javascriptEnabled: true, locationContextEnabled: true, mobileEmulationEnabled: false, nativeEvents: true, networkConnectionEnabled: false, pageLoadStrategy: normal, platform: LINUX, platformName: LINUX, rotatable: false, setWindowRect: true, takesHeapSnapshot: true, takesScreenshot: true, unexpectedAlertBehaviour: , unhandledPromptBehavior: , version: 66.0.3359.139, webStorageEnabled: true}
Session ID: 9b3516de2d0424cac7ca40a2ab86e98d
*** Element info: {Using=xpath, value=/html/body/app-root/html/body/div[2]/div/div/app-institution-list/div[2]/div[1]/a}
	at sun.reflect.NativeConstructorAccessorImpl.newInstance0(Native Method)
	at sun.reflect.NativeConstructorAccessorImpl.newInstance(NativeConstructorAccessorImpl.java:62)
	at sun.reflect.DelegatingConstructorAccessorImpl.newInstance(DelegatingConstructorAccessorImpl.java:45)
	at java.lang.reflect.Constructor.newInstance(Constructor.java:423)
	at org.openqa.selenium.remote.ErrorHandler.createThrowable(ErrorHandler.java:214)
	at org.openqa.selenium.remote.ErrorHandler.throwIfResponseFailed(ErrorHandler.java:166)
	at org.openqa.selenium.remote.http.JsonHttpResponseCodec.reconstructValue(JsonHttpResponseCodec.java:40)
	at org.openqa.selenium.remote.http.AbstractHttpResponseCodec.decode(AbstractHttpResponseCodec.java:80)
	at org.openqa.selenium.remote.http.AbstractHttpResponseCodec.decode(AbstractHttpResponseCodec.java:44)
	at org.openqa.selenium.remote.HttpCommandExecutor.execute(HttpCommandExecutor.java:164)
	at org.openqa.selenium.remote.service.DriverCommandExecutor.execute(DriverCommandExecutor.java:83)
	at org.openqa.selenium.remote.RemoteWebDriver.execute(RemoteWebDriver.java:601)
	at org.openqa.selenium.remote.RemoteWebDriver.findElement(RemoteWebDriver.java:371)
	at org.openqa.selenium.remote.RemoteWebDriver.findElementByXPath(RemoteWebDriver.java:473)
	at org.openqa.selenium.By$ByXPath.findElement(By.java:361)
	at org.openqa.selenium.remote.RemoteWebDriver.findElement(RemoteWebDriver.java:363)
	at com.yantra.test.selenium.AddDataTest.testAddInstitution(AddDataTest.java:29)
	at sun.reflect.NativeMethodAccessorImpl.invoke0(Native Method)
	at sun.reflect.NativeMethodAccessorImpl.invoke(NativeMethodAccessorImpl.java:62)
	at sun.reflect.DelegatingMethodAccessorImpl.invoke(DelegatingMethodAccessorImpl.java:43)
	at java.lang.reflect.Method.invoke(Method.java:498)
	at org.testng.internal.MethodInvocationHelper.invokeMethod(MethodInvocationHelper.java:80)
	at org.testng.internal.Invoker.invokeMethod(Invoker.java:714)
	at org.testng.internal.Invoker.invokeTestMethod(Invoker.java:901)
	at org.testng.internal.Invoker.invokeTestMethods(Invoker.java:1231)
	at org.testng.internal.TestMethodWorker.invokeTestMethods(TestMethodWorker.java:127)
	at org.testng.internal.TestMethodWorker.run(TestMethodWorker.java:111)
	at org.testng.TestRunner.privateRun(TestRunner.java:767)
	at org.testng.TestRunner.run(TestRunner.java:617)
	at org.testng.SuiteRunner.runTest(SuiteRunner.java:334)
	at org.testng.SuiteRunner.runSequentially(SuiteRunner.java:329)
	at org.testng.SuiteRunner.privateRun(SuiteRunner.java:291)
	at org.testng.SuiteRunner.run(SuiteRunner.java:240)
	at org.testng.SuiteRunnerWorker.runSuite(SuiteRunnerWorker.java:52)
	at org.testng.SuiteRunnerWorker.run(SuiteRunnerWorker.java:86)
	at org.testng.TestNG.runSuitesSequentially(TestNG.java:1198)
	at org.testng.TestNG.runSuitesLocally(TestNG.java:1123)
	at org.testng.TestNG.run(TestNG.java:1031)
	at org.testng.remote.AbstractRemoteTestNG.run(AbstractRemoteTestNG.java:114)
	at org.testng.remote.RemoteTestNG.initAndRun(RemoteTestNG.java:251)
	at org.testng.remote.RemoteTestNG.main(RemoteTestNG.java:77)
]]>
            </full-stacktrace>
          </exception> <!-- org.openqa.selenium.NoSuchElementException -->
          <reporter-output>
          </reporter-output>
        </test-method> <!-- testAddInstitution -->
      </class> <!-- com.yantra.test.selenium.AddDataTest -->
    </test> <!-- Test -->
  </suite> <!-- Suite -->
</testng-results>
